<?xml version="1.0" encoding="UTF-8"?>
<!-- Generated by org.testng.reporters.JUnitXMLReporter -->
<testsuite ignored="0" hostname="DESKTOP-EGG68CQ" failures="0" tests="2" name="Default test" time="60.144" errors="0" timestamp="2022-03-11T22:54:02 IST">
  <testcase classname="agile.TestClassAddProductToCart" name="verifyAddToCartAndRemoveFromCartFunctionality" time="17.69"/>
  <testcase classname="agile.TestClassAddProductToCart" name="verifyBuyNowFunctionality" time="10.08"/>
</testsuite> <!-- Default test -->
