<?xml version="1.0" encoding="UTF-8"?>
<!-- Generated by org.testng.reporters.JUnitXMLReporter -->
<testsuite ignored="2" hostname="DESKTOP-EGG68CQ" failures="1" tests="1" name="Default test(failed)" time="25.368" errors="0" timestamp="2022-03-10T18:17:44 IST">
  <testcase classname="agile.TestClassManageAddresses" name="verifyFunctionalityOfElementsPresentOnSaveAddressTab" time="2.126">
    <failure type="java.lang.NullPointerException" message="Cannot invoke &amp;quot;org.apache.poi.ss.usermodel.Sheet.getRow(int)&amp;quot; because &amp;quot;sheet&amp;quot; is null">
      <![CDATA[java.lang.NullPointerException: Cannot invoke "org.apache.poi.ss.usermodel.Sheet.getRow(int)" because "sheet" is null
at util.Utility.getData(Utility.java:44)
at agile.TestClassManageAddresses.verifyFunctionalityOfElementsPresentOnSaveAddressTab(TestClassManageAddresses.java:104)
at java.base/java.util.ArrayList.forEach(ArrayList.java:1511)
... Removed 27 stack frames]]>
    </failure>
  </testcase> <!-- verifyFunctionalityOfElementsPresentOnSaveAddressTab -->
  <testcase classname="agile.TestClassManageAddresses" name="verifyRemoveSavedAddressFunctionality" time="0.0">
    <ignored/>
  </testcase> <!-- verifyRemoveSavedAddressFunctionality -->
  <testcase classname="agile.TestClassManageAddresses" name="verifyIfAddressIsSuccessfullySavedOrNot" time="0.0">
    <ignored/>
  </testcase> <!-- verifyIfAddressIsSuccessfullySavedOrNot -->
</testsuite> <!-- Default test(failed) -->
